<?xml version="1.0" encoding="utf-8"?><testsuites><testsuite name="pytest" errors="0" failures="0" skipped="0" tests="3" time="12.073" timestamp="2024-05-09T11:51:59.311113" hostname="dc7d3aba6310"><testcase classname="tests.test_prediction" name="test_single_pred_not_none" time="0.600" /><testcase classname="tests.test_prediction" name="test_single_pred_str_type" time="0.166" /><testcase classname="tests.test_prediction" name="test_single_pred_validate" time="0.061" /></testsuite></testsuites>